<?xml version="1.0" encoding="UTF-8"?>
<!-- Generated by org.testng.reporters.JUnitXMLReporter -->
<testsuite ignored="0" hostname="BlackPanther" failures="0" tests="3" name="Default test" time="48.715" errors="0" timestamp="2022-03-23T17:15:14 EDT">
  <testcase classname="alfa.Test.TestGet" name="TestListUser" time="1.928"/>
  <testcase classname="alfa.Test.TestGet" name="TestListValidUserDetail" time="0.52"/>
  <testcase classname="alfa.Test.TestGet" name="TestListValidUsers" time="46.241"/>
</testsuite> <!-- Default test -->
